<?xml version="1.0" encoding="UTF-8"?>
<!-- Generated by org.testng.reporters.JUnitReportReporter -->
<testsuite hostname="BLRKEC397121L" failures="0" tests="1" name="test.AutoOrderConfirmationTest" time="18.924" errors="0" timestamp="2024-10-03T10:40:51 IST" skipped="0">
  <testcase classname="test.AutoOrderConfirmationTest" name="test" time="18.924"/>
</testsuite> <!-- test.AutoOrderConfirmationTest -->
