<?xml version="1.0" encoding="UTF-8"?>
<!-- Generated by org.testng.reporters.JUnitReportReporter -->
<testsuite hostname="BLRKEC397121L" failures="0" tests="1" name="test.AutoAddressTest" time="7.906" errors="0" timestamp="2024-10-03T09:59:15 IST" skipped="0">
  <testcase classname="test.AutoAddressTest" name="test" time="7.906"/>
</testsuite> <!-- test.AutoAddressTest -->
