<?xml version="1.0" encoding="UTF-8"?>
<!-- Generated by org.testng.reporters.JUnitReportReporter -->
<testsuite hostname="BLRKEC397121L" failures="0" tests="1" name="test.AutoCheckOutTest" time="7.126" errors="0" timestamp="2024-10-03T09:51:29 IST" skipped="0">
  <testcase classname="test.AutoCheckOutTest" name="test" time="7.126"/>
</testsuite> <!-- test.AutoCheckOutTest -->
