<?xml version="1.0" encoding="UTF-8"?>
<!-- Generated by org.testng.reporters.JUnitReportReporter -->
<testsuite hostname="BLRKEC397121L" failures="0" tests="1" name="test.AutoAddCartTest" time="10.670" errors="0" timestamp="2024-10-01T15:43:36 IST" skipped="0">
  <testcase classname="test.AutoAddCartTest" name="test" time="10.670"/>
</testsuite> <!-- test.AutoAddCartTest -->
