<?xml version="1.0" encoding="UTF-8"?>
<!-- Generated by org.testng.reporters.JUnitReportReporter -->
<testsuite hostname="BLRKEC397121L" failures="0" tests="1" name="com.demo10092024.NavigationToBrowser" time="0.524" errors="0" timestamp="2024-09-10T14:12:08 IST" skipped="0">
  <testcase classname="com.demo10092024.NavigationToBrowser" name="test_1" time="0.524"/>
</testsuite> <!-- com.demo10092024.NavigationToBrowser -->
