<?xml version="1.0" encoding="UTF-8"?>
<!-- Generated by org.testng.reporters.JUnitReportReporter -->
<testsuite hostname="BLRKEC397121L" failures="0" tests="1" name="com.selenium.basics.Navigation_To_Browser" time="0.366" errors="0" timestamp="2024-09-13T16:09:09 IST" skipped="0">
  <testcase classname="com.selenium.basics.Navigation_To_Browser" name="searchData" time="0.366"/>
</testsuite> <!-- com.selenium.basics.Navigation_To_Browser -->
