<?xml version="1.0" encoding="UTF-8"?>
<!-- Generated by org.testng.reporters.JUnitReportReporter -->
<testsuite hostname="BLRKEC397121L" failures="0" tests="1" name="test.AutoShippingTest" time="15.219" errors="0" timestamp="2024-10-03T10:11:16 IST" skipped="0">
  <testcase classname="test.AutoShippingTest" name="test" time="15.219"/>
</testsuite> <!-- test.AutoShippingTest -->
