<?xml version="1.0" encoding="UTF-8"?>
<!-- Generated by org.testng.reporters.JUnitReportReporter -->
<testsuite hostname="BLRKEC397121L" failures="0" tests="1" name="test.AutoSearchPageTest" time="4.546" errors="0" timestamp="2024-09-30T13:38:19 IST" skipped="0">
  <testcase classname="test.AutoSearchPageTest" name="test" time="4.546"/>
</testsuite> <!-- test.AutoSearchPageTest -->
