<?xml version="1.0" encoding="UTF-8"?>
<!-- Generated by org.testng.reporters.JUnitReportReporter -->
<testsuite hostname="BLRKEC397121L" failures="0" tests="1" name="Day2.DragNDrop" time="0.343" errors="0" timestamp="2024-08-20T11:43:09 IST" skipped="0">
  <testcase classname="Day2.DragNDrop" name="dragNdrop" time="0.343"/>
</testsuite> <!-- Day2.DragNDrop -->
