<?xml version="1.0" encoding="UTF-8"?>
<!-- Generated by org.testng.reporters.JUnitReportReporter -->
<testsuite hostname="BLRKEC397121L" failures="0" tests="1" name="test.AutoLoginTest" time="2.594" errors="0" timestamp="2024-09-30T12:54:55 IST" skipped="0">
  <testcase classname="test.AutoLoginTest" name="test" time="2.594"/>
</testsuite> <!-- test.AutoLoginTest -->
