<?xml version="1.0" encoding="UTF-8"?>
<!-- Generated by org.testng.reporters.JUnitReportReporter -->
<testsuite hostname="BLRKEC397121L" failures="0" tests="2" name="data.provider.Demo_DataProvider" time="0.015" errors="0" timestamp="2024-09-24T12:09:44 IST" skipped="0">
  <testcase classname="data.provider.Demo_DataProvider" name="test" time="0.012"/>
  <testcase classname="data.provider.Demo_DataProvider" name="test" time="0.003"/>
</testsuite> <!-- data.provider.Demo_DataProvider -->
