<?xml version="1.0" encoding="UTF-8"?>
<!-- Generated by org.testng.reporters.JUnitReportReporter -->
<testsuite hostname="BLRKEC397121L" failures="0" tests="1" name="test.AutoPaymentTest" time="16.412" errors="0" timestamp="2024-10-03T10:18:27 IST" skipped="0">
  <testcase classname="test.AutoPaymentTest" name="test" time="16.412"/>
</testsuite> <!-- test.AutoPaymentTest -->
