<?xml version="1.0" encoding="UTF-8"?>
<!-- Generated by org.testng.reporters.JUnitReportReporter -->
<testsuite hostname="BLRKEC397121L" failures="0" tests="1" name="test.AutoOrderSummaryTest" time="12.288" errors="0" timestamp="2024-10-03T10:24:49 IST" skipped="0">
  <testcase classname="test.AutoOrderSummaryTest" name="test" time="12.288"/>
</testsuite> <!-- test.AutoOrderSummaryTest -->
