<?xml version="1.0" encoding="UTF-8"?>
<!-- Generated by org.testng.reporters.JUnitReportReporter -->
<testsuite hostname="BLRKEC397121L" failures="0" tests="1" name="test.End_To_End_Test" time="44.533" errors="0" timestamp="2024-10-03T11:27:03 IST" skipped="0">
  <testcase classname="test.End_To_End_Test" name="test" time="44.533"/>
</testsuite> <!-- test.End_To_End_Test -->
