<?xml version="1.0" encoding="UTF-8"?>
<!-- Generated by org.testng.reporters.JUnitReportReporter -->
<testsuite hostname="BLRKEC397121L" failures="0" tests="1" name="Day3.LoginPageTest" time="1.265" errors="0" timestamp="2024-08-21T15:32:53 IST" skipped="0">
  <testcase classname="Day3.LoginPageTest" name="loginTest" time="1.265"/>
</testsuite> <!-- Day3.LoginPageTest -->
