<?xml version="1.0" encoding="UTF-8"?>
<!-- Generated by org.testng.reporters.JUnitReportReporter -->
<testsuite hostname="BLRKEC397121L" failures="0" tests="1" name="test.AutoProductTest" time="7.642" errors="0" timestamp="2024-09-30T15:56:03 IST" skipped="0">
  <testcase classname="test.AutoProductTest" name="test" time="7.642"/>
</testsuite> <!-- test.AutoProductTest -->
