<?xml version="1.0" encoding="UTF-8"?>
<!-- Generated by org.testng.reporters.JUnitReportReporter -->
<testsuite hostname="BLRKEC397121L" failures="0" tests="1" name="Day4_230824.ScreenShotDemo" time="0.313" errors="0" timestamp="2024-09-11T12:09:13 IST" skipped="0">
  <testcase classname="Day4_230824.ScreenShotDemo" name="screenShotTest" time="0.313"/>
</testsuite> <!-- Day4_230824.ScreenShotDemo -->
