<?xml version="1.0" encoding="UTF-8"?>
<!-- Generated by org.testng.reporters.JUnitReportReporter -->
<testsuite hostname="BLRKEC397121L" failures="0" tests="1" name="test.BankLoginTest" time="0.666" errors="0" timestamp="2024-09-25T16:14:38 IST" skipped="0">
  <testcase classname="test.BankLoginTest" name="test" time="0.666"/>
</testsuite> <!-- test.BankLoginTest -->
