<?xml version="1.0" encoding="UTF-8"?>
<!-- Generated by org.testng.reporters.JUnitReportReporter -->
<testsuite hostname="BLRKEC397121L" failures="0" tests="1" name="myshop.LoginTest" time="7.159" errors="0" timestamp="2024-09-04T11:50:39 IST" skipped="0">
  <testcase classname="myshop.LoginTest" name="loginTest" time="7.159"/>
</testsuite> <!-- myshop.LoginTest -->
