<?xml version="1.0" encoding="UTF-8"?>
<!-- Generated by org.testng.reporters.JUnitReportReporter -->
<testsuite hostname="BLRKEC397121L" failures="0" tests="1" name="test.GoogleSearchTest" time="5.110" errors="0" timestamp="2024-09-25T13:41:48 IST" skipped="0">
  <testcase classname="test.GoogleSearchTest" name="googleSearch" time="5.110"/>
</testsuite> <!-- test.GoogleSearchTest -->
