<?xml version="1.0" encoding="UTF-8"?>
<!-- Generated by org.testng.reporters.JUnitReportReporter -->
<testsuite hostname="BLRKEC397121L" failures="0" tests="2" name="Day2.Radio_CheckBox" time="19.774" errors="0" timestamp="2024-08-20T11:43:09 IST" skipped="0">
  <testcase classname="Day2.Radio_CheckBox" name="check" time="10.652"/>
  <testcase classname="Day2.Radio_CheckBox" name="radio" time="9.122"/>
</testsuite> <!-- Day2.Radio_CheckBox -->
