<?xml version="1.0" encoding="UTF-8"?>
<!-- Generated by org.testng.reporters.JUnitReportReporter -->
<testsuite hostname="BLRKEC397121L" failures="0" tests="1" name="Day2.LinkText" time="2.295" errors="0" timestamp="2024-08-20T12:29:34 IST" skipped="0">
  <testcase classname="Day2.LinkText" name="linkText" time="2.295"/>
</testsuite> <!-- Day2.LinkText -->
