<?xml version="1.0" encoding="UTF-8"?>
<!-- Generated by org.testng.reporters.JUnitReportReporter -->
<testsuite hostname="BLRKEC397121L" failures="0" tests="1" name="Day2.DropDown" time="0.313" errors="0" timestamp="2024-08-20T12:16:19 IST" skipped="0">
  <testcase classname="Day2.DropDown" name="dropDown" time="0.313"/>
</testsuite> <!-- Day2.DropDown -->
