<?xml version="1.0" encoding="UTF-8"?>
<!-- Generated by org.testng.reporters.JUnitReportReporter -->
<testsuite hostname="BLRKEC397121L" failures="0" tests="1" name="test.GoogleSearchPageTest" time="6.419" errors="0" timestamp="2024-09-25T14:34:33 IST" skipped="0">
  <testcase classname="test.GoogleSearchPageTest" name="googleSearchTest" time="6.419"/>
</testsuite> <!-- test.GoogleSearchPageTest -->
