<?xml version="1.0" encoding="UTF-8"?>
<!-- Generated by org.testng.reporters.JUnitReportReporter -->
<testsuite hostname="BLRKEC397121L" failures="0" tests="1" name="test.AutomationTest" time="3.032" errors="0" timestamp="2024-09-30T11:21:50 IST" skipped="0">
  <testcase classname="test.AutomationTest" name="test" time="3.032"/>
</testsuite> <!-- test.AutomationTest -->
